<?xml version="1.0" encoding="UTF-8"?>
<!-- Generated by org.testng.reporters.JUnitReportReporter -->
<testsuite hostname="DESKTOP-C0IB5M9" failures="0" tests="1" name="com.GPN.TestCase.Testcase001" time="7.585" errors="0" timestamp="2023-08-27T15:05:55 IST" skipped="0">
  <testcase classname="com.GPN.TestCase.Testcase001" name="VisiblityOfHomeButton" time="7.585"/>
  <system-out/>
</testsuite> <!-- com.GPN.TestCase.Testcase001 -->
