<?xml version="1.0" encoding="UTF-8"?>
<!-- Generated by org.testng.reporters.JUnitReportReporter -->
<testsuite hostname="DESKTOP-C0IB5M9" failures="0" tests="2" name="com.GPN.TestCase.Testcase0001" time="7.914" errors="0" timestamp="2023-08-28T06:51:23 IST" skipped="0">
  <testcase classname="com.GPN.TestCase.Testcase0001" name="VisiblityOfHomeButton" time="7.776"/>
  <system-out/>
  <testcase classname="com.GPN.TestCase.Testcase0001" name="VisiblityOfSearchbar" time="0.138"/>
  <system-out/>
</testsuite> <!-- com.GPN.TestCase.Testcase0001 -->
