<?xml version="1.0" encoding="UTF-8"?>
<!-- Generated by org.testng.reporters.JUnitReportReporter -->
<testsuite hostname="DESKTOP-C0IB5M9" failures="0" tests="25" name="com.GPN.TestCase.Testcase001" time="4.094" errors="0" timestamp="2023-08-28T06:51:23 IST" skipped="0">
  <testcase classname="com.GPN.TestCase.Testcase001" name="VisiblityOfHomeButton" time="3.066"/>
  <system-out/>
  <testcase classname="com.GPN.TestCase.Testcase001" name="VisiblityOfBeepProcessMode" time="0.047"/>
  <system-out/>
  <testcase classname="com.GPN.TestCase.Testcase001" name="VisiblityOfQRScanner" time="0.063"/>
  <system-out/>
  <testcase classname="com.GPN.TestCase.Testcase001" name="VisiblityOfSearchbar" time="0.066"/>
  <system-out/>
  <testcase classname="com.GPN.TestCase.Testcase001" name="VisiblityOfCancelSearch" time="0.070"/>
  <system-out/>
  <testcase classname="com.GPN.TestCase.Testcase001" name="VisiblityOfAdvanceSearch" time="0.063"/>
  <system-out/>
  <testcase classname="com.GPN.TestCase.Testcase001" name="VisiblityOfSearchButton" time="0.064"/>
  <system-out/>
  <testcase classname="com.GPN.TestCase.Testcase001" name="VisiblityOfFromDate" time="0.037"/>
  <system-out/>
  <testcase classname="com.GPN.TestCase.Testcase001" name="VisiblityOfToDate" time="0.041"/>
  <system-out/>
  <testcase classname="com.GPN.TestCase.Testcase001" name="VisiblityOfDateFilter" time="0.050"/>
  <system-out/>
  <testcase classname="com.GPN.TestCase.Testcase001" name="VisiblityofGPNModes" time="0.035"/>
  <system-out/>
  <testcase classname="com.GPN.TestCase.Testcase001" name="VisiblityofBulletinBoard" time="0.039"/>
  <system-out/>
  <testcase classname="com.GPN.TestCase.Testcase001" name="VisiblityofAddMO" time="0.034"/>
  <system-out/>
  <testcase classname="com.GPN.TestCase.Testcase001" name="VisiblityofDeleteMO" time="0.028"/>
  <system-out/>
  <testcase classname="com.GPN.TestCase.Testcase001" name="VisiblityofAlfaDOCK_Setting" time="0.042"/>
  <system-out/>
  <testcase classname="com.GPN.TestCase.Testcase001" name="VisiblityofGPN_Options" time="0.027"/>
  <system-out/>
  <testcase classname="com.GPN.TestCase.Testcase001" name="VisiblityofAddBulletIn" time="0.027"/>
  <system-out/>
  <testcase classname="com.GPN.TestCase.Testcase001" name="VisiblityofAI_Report" time="0.030"/>
  <system-out/>
  <testcase classname="com.GPN.TestCase.Testcase001" name="VisiblityofProcessStatusFilter" time="0.039"/>
  <system-out/>
  <testcase classname="com.GPN.TestCase.Testcase001" name="VisiblityofSorting" time="0.027"/>
  <system-out/>
  <testcase classname="com.GPN.TestCase.Testcase001" name="VisiblityofView" time="0.035"/>
  <system-out/>
  <testcase classname="com.GPN.TestCase.Testcase001" name="VisiblityofExpandCollapseMO" time="0.031"/>
  <system-out/>
  <testcase classname="com.GPN.TestCase.Testcase001" name="VisiblityofShowHideCalaender" time="0.035"/>
  <system-out/>
  <testcase classname="com.GPN.TestCase.Testcase001" name="VisiblityofDownlaodCSV" time="0.055"/>
  <system-out/>
  <testcase classname="com.GPN.TestCase.Testcase001" name="VisiblityofPriority" time="0.043"/>
  <system-out/>
</testsuite> <!-- com.GPN.TestCase.Testcase001 -->
