<?xml version="1.0" encoding="UTF-8"?>
<!-- Generated by org.testng.reporters.JUnitReportReporter -->
<testsuite hostname="DESKTOP-C0IB5M9" failures="0" tests="1" name="com.GPN.TestCase.Testcase001" time="0.008" errors="0" timestamp="2023-08-26T21:43:05 IST" skipped="0">
  <testcase classname="com.GPN.TestCase.Testcase001" name="VisiblityOfHomeButton" time="0.008"/>
  <system-out/>
</testsuite> <!-- com.GPN.TestCase.Testcase001 -->
