<?xml version="1.0" encoding="UTF-8"?>
<!-- Generated by org.testng.reporters.JUnitReportReporter -->
<testsuite hostname="DESKTOP-KN2Q89G" failures="0" tests="2" name="com.GPN.TestCase.Testcase0001" time="7.898" errors="0" timestamp="2023-09-22T08:21:05 IST" skipped="0">
  <testcase classname="com.GPN.TestCase.Testcase0001" name="VisiblityOfHomeButton" time="7.800"/>
  <system-out/>
  <testcase classname="com.GPN.TestCase.Testcase0001" name="VisiblityOfSearchbar" time="0.098"/>
  <system-out/>
</testsuite> <!-- com.GPN.TestCase.Testcase0001 -->
