<?xml version="1.0" encoding="UTF-8"?>
<!-- Generated by org.testng.reporters.JUnitReportReporter -->
<testsuite hostname="DESKTOP-KN2Q89G" failures="0" tests="25" name="com.GPN.TestCase.Testcase001" time="4.178" errors="0" timestamp="2023-09-22T08:21:05 IST" skipped="0">
  <testcase classname="com.GPN.TestCase.Testcase001" name="VisiblityOfHomeButton" time="3.076"/>
  <system-out/>
  <testcase classname="com.GPN.TestCase.Testcase001" name="VisiblityOfBeepProcessMode" time="0.052"/>
  <system-out/>
  <testcase classname="com.GPN.TestCase.Testcase001" name="VisiblityOfQRScanner" time="0.052"/>
  <system-out/>
  <testcase classname="com.GPN.TestCase.Testcase001" name="VisiblityOfSearchbar" time="0.039"/>
  <system-out/>
  <testcase classname="com.GPN.TestCase.Testcase001" name="VisiblityOfCancelSearch" time="0.047"/>
  <system-out/>
  <testcase classname="com.GPN.TestCase.Testcase001" name="VisiblityOfAdvanceSearch" time="0.043"/>
  <system-out/>
  <testcase classname="com.GPN.TestCase.Testcase001" name="VisiblityOfSearchButton" time="0.049"/>
  <system-out/>
  <testcase classname="com.GPN.TestCase.Testcase001" name="VisiblityOfFromDate" time="0.042"/>
  <system-out/>
  <testcase classname="com.GPN.TestCase.Testcase001" name="VisiblityOfToDate" time="0.044"/>
  <system-out/>
  <testcase classname="com.GPN.TestCase.Testcase001" name="VisiblityOfDateFilter" time="0.045"/>
  <system-out/>
  <testcase classname="com.GPN.TestCase.Testcase001" name="VisiblityofGPNModes" time="0.043"/>
  <system-out/>
  <testcase classname="com.GPN.TestCase.Testcase001" name="VisiblityofBulletinBoard" time="0.049"/>
  <system-out/>
  <testcase classname="com.GPN.TestCase.Testcase001" name="VisiblityofAddMO" time="0.051"/>
  <system-out/>
  <testcase classname="com.GPN.TestCase.Testcase001" name="VisiblityofDeleteMO" time="0.051"/>
  <system-out/>
  <testcase classname="com.GPN.TestCase.Testcase001" name="VisiblityofAlfaDOCK_Setting" time="0.048"/>
  <system-out/>
  <testcase classname="com.GPN.TestCase.Testcase001" name="VisiblityofGPN_Options" time="0.043"/>
  <system-out/>
  <testcase classname="com.GPN.TestCase.Testcase001" name="VisiblityofAddBulletIn" time="0.042"/>
  <system-out/>
  <testcase classname="com.GPN.TestCase.Testcase001" name="VisiblityofAI_Report" time="0.046"/>
  <system-out/>
  <testcase classname="com.GPN.TestCase.Testcase001" name="VisiblityofProcessStatusFilter" time="0.050"/>
  <system-out/>
  <testcase classname="com.GPN.TestCase.Testcase001" name="VisiblityofSorting" time="0.043"/>
  <system-out/>
  <testcase classname="com.GPN.TestCase.Testcase001" name="VisiblityofView" time="0.046"/>
  <system-out/>
  <testcase classname="com.GPN.TestCase.Testcase001" name="VisiblityofExpandCollapseMO" time="0.043"/>
  <system-out/>
  <testcase classname="com.GPN.TestCase.Testcase001" name="VisiblityofShowHideCalaender" time="0.051"/>
  <system-out/>
  <testcase classname="com.GPN.TestCase.Testcase001" name="VisiblityofDownlaodCSV" time="0.040"/>
  <system-out/>
  <testcase classname="com.GPN.TestCase.Testcase001" name="VisiblityofPriority" time="0.043"/>
  <system-out/>
</testsuite> <!-- com.GPN.TestCase.Testcase001 -->
